<?xml version="1.0" encoding="UTF-8"?>
<!-- Generated by org.testng.reporters.JUnitReportReporter -->
<testsuite hostname="IT-NHASSAN-NB" failures="0" tests="2" name="Tests.TestCases" time="11.652" errors="0" timestamp="2022-07-23T22:30:25 EET" skipped="0">
  <testcase classname="Tests.TestCases" name="Registration" time="5.649"/>
  <system-out/>
  <testcase classname="Tests.TestCases" name="AddItemToShoppingcart" time="6.003"/>
  <system-out/>
</testsuite> <!-- Tests.TestCases -->
